#
# A fatal error has been detected by the Java Runtime Environment:
#
#  EXCEPTION_ACCESS_VIOLATION (0xc0000005) at pc=0x00007ffa3f1c7ac0, pid=8824, tid=8084
#
# JRE version: Java(TM) SE Runtime Environment 18.9 (11.0.11+9) (build 11.0.11+9-LTS-194)
# Java VM: Java HotSpot(TM) 64-Bit Server VM 18.9 (11.0.11+9-LTS-194, mixed mode, tiered, compressed oops, g1 gc, windows-amd64)
# Problematic frame:
# V  [jvm.dll+0x4f7ac0]
#
# No core dump will be written. Minidumps are not enabled by default on client versions of Windows
#
# If you would like to submit a bug report, please visit:
#   https://bugreport.java.com/bugreport/crash.jsp
#

---------------  S U M M A R Y ------------

Command Line: --add-opens=java.base/java.util=ALL-UNNAMED --add-opens=java.base/java.lang=ALL-UNNAMED --add-opens=java.base/java.lang.invoke=ALL-UNNAMED --add-opens=java.base/java.util=ALL-UNNAMED --add-opens=java.prefs/java.util.prefs=ALL-UNNAMED --add-opens=java.prefs/java.util.prefs=ALL-UNNAMED --add-opens=java.base/java.nio.charset=ALL-UNNAMED --add-opens=java.base/java.net=ALL-UNNAMED --add-opens=java.base/java.util.concurrent.atomic=ALL-UNNAMED -XX:MaxMetaspaceSize=256m -XX:+HeapDumpOnOutOfMemoryError -Xms256m -Xmx512m -Dfile.encoding=x-windows-949 -Duser.country=KR -Duser.language=ko -Duser.variant org.gradle.launcher.daemon.bootstrap.GradleDaemon 7.2

Host: Intel(R) Core(TM) i7-10510U CPU @ 1.80GHz, 8 cores, 15G,  Windows 10 , 64 bit Build 19041 (10.0.19041.1348)
Time: Fri Nov 19 13:19:47 2021 대한민국 표준시 elapsed time: 6.294136 seconds (0d 0h 0m 6s)

---------------  T H R E A D  ---------------

Current thread (0x000001d557efe000):  JavaThread "C2 CompilerThread0" daemon [_thread_in_native, id=8084, stack(0x00000098c6600000,0x00000098c6700000)]


Current CompileTask:
C2:   6294 2025   !   4       java.lang.ClassLoader::loadClass (122 bytes)

Stack: [0x00000098c6600000,0x00000098c6700000],  sp=0x00000098c66fba80,  free space=1006k
Native frames: (J=compiled Java code, j=interpreted, Vv=VM code, C=native code)
V  [jvm.dll+0x4f7ac0]
V  [jvm.dll+0x3141e0]
V  [jvm.dll+0x31340a]
V  [jvm.dll+0x1fd045]
V  [jvm.dll+0x1fc22f]
V  [jvm.dll+0x17f0bc]
V  [jvm.dll+0x20b68c]
V  [jvm.dll+0x20978b]
V  [jvm.dll+0x7152c9]
V  [jvm.dll+0x70dfc4]
V  [jvm.dll+0x6160f6]
C  [ucrtbase.dll+0x21bb2]
C  [KERNEL32.DLL+0x17034]
C  [ntdll.dll+0x52651]


siginfo: EXCEPTION_ACCESS_VIOLATION (0xc0000005), reading address 0x000001d55b7752b8


Register to memory mapping:

RIP=0x00007ffa3f1c7ac0 jvm.dll
RAX=0x000001d5596aa4c0 points into unknown readable memory: 30 bd 39 59 d5 01 00 00
RBX=0x000001d55a774e58 points into unknown readable memory: 18 2e 4a 3f fa 7f 00 00
RCX=0x000000000000068d is an unknown value
RDX=0x000001d55b775290 is an unknown value
RSP=0x00000098c66fba80 is pointing into the stack for thread: 0x000001d557efe000
RBP=0x00000098c66fbb80 is pointing into the stack for thread: 0x000001d557efe000
RSI=0x000001d55a746240 points into unknown readable memory: b0 9b 4e 3f fa 7f 00 00
RDI=0x000001d55a775280 points into unknown readable memory: 90 52 77 5a d5 01 00 00
R8 =0x0000000000000002 is an unknown value
R9 =0x0000000000000002 is an unknown value
R10=0x000001d55a747058 points into unknown readable memory: 50 32 04 59 d5 01 00 00
R11=0x0000000000000002 is an unknown value
R12=0x00000098c66fc0c0 is pointing into the stack for thread: 0x000001d557efe000
R13=0x0000000000000008 is an unknown value
R14=0x0000000000000001 is an unknown value
R15=0x0000000000000008 is an unknown value


Registers:
RAX=0x000001d5596aa4c0, RBX=0x000001d55a774e58, RCX=0x000000000000068d, RDX=0x000001d55b775290
RSP=0x00000098c66fba80, RBP=0x00000098c66fbb80, RSI=0x000001d55a746240, RDI=0x000001d55a775280
R8 =0x0000000000000002, R9 =0x0000000000000002, R10=0x000001d55a747058, R11=0x0000000000000002
R12=0x00000098c66fc0c0, R13=0x0000000000000008, R14=0x0000000000000001, R15=0x0000000000000008
RIP=0x00007ffa3f1c7ac0, EFLAGS=0x0000000000010206

Top of Stack: (sp=0x00000098c66fba80)
0x00000098c66fba80:   0000000000000001 000001d55a746398
0x00000098c66fba90:   000001d500000000 00000098c66fbbf0
0x00000098c66fbaa0:   00000098c66fbc60 000001d500000003
0x00000098c66fbab0:   000001d558f45440 00007ffa3f2da35a
0x00000098c66fbac0:   0000000800000005 000001d5576a49e0
0x00000098c66fbad0:   000001d500000004 000001d55964ae80
0x00000098c66fbae0:   0000000000000000 000001d5576a49e0
0x00000098c66fbaf0:   000001d500000004 000001d55964ae60
0x00000098c66fbb00:   0000000000000000 000001d55768e598
0x00000098c66fbb10:   000001d558f45430 0000000000000000
0x00000098c66fbb20:   00000000000004f8 000001d5576a49e0
0x00000098c66fbb30:   0000000000000000 0000000000000000
0x00000098c66fbb40:   0000000000000000 0000000000000000
0x00000098c66fbb50:   0000000000007fd8 00007ffa3ed8ad8c
0x00000098c66fbb60:   0000000000000040 000001d5576a49e0
0x00000098c66fbb70:   0000000000000010 000001d559044180 

Instructions: (pc=0x00007ffa3f1c7ac0)
0x00007ffa3f1c7aa0:   01 00 00 8b 43 1c 45 8b c4 85 c0 74 38 48 8b 7b
0x00007ffa3f1c7ab0:   08 44 8b c8 4c 8b 65 40 48 8b 17 48 85 d2 74 18
0x00007ffa3f1c7ac0:   8b 4a 28 49 8b 44 24 78 48 39 34 c8 75 0a 48 83
0x00007ffa3f1c7ad0:   7a 10 00 74 03 41 ff c0 48 83 c7 08 49 83 e9 01 


Stack slot to memory mapping:
stack at sp + 0 slots: 0x0000000000000001 is an unknown value
stack at sp + 1 slots: 0x000001d55a746398 points into unknown readable memory: b0 9b 4e 3f fa 7f 00 00
stack at sp + 2 slots: 0x000001d500000000 is an unknown value
stack at sp + 3 slots: 0x00000098c66fbbf0 is pointing into the stack for thread: 0x000001d557efe000
stack at sp + 4 slots: 0x00000098c66fbc60 is pointing into the stack for thread: 0x000001d557efe000
stack at sp + 5 slots: 0x000001d500000003 is an unknown value
stack at sp + 6 slots: 0x000001d558f45440 points into unknown readable memory: ff 7f ff 7f 00 00 00 00
stack at sp + 7 slots: 0x00007ffa3f2da35a jvm.dll


---------------  P R O C E S S  ---------------

Threads class SMR info:
_java_thread_list=0x000001d5582c4290, length=24, elements={
0x000001d53c13b000, 0x000001d557660000, 0x000001d55768b800, 0x000001d557efc800,
0x000001d557efd000, 0x000001d557efe000, 0x000001d557f09800, 0x000001d5576a7000,
0x000001d558071000, 0x000001d5580b0800, 0x000001d55ae4e800, 0x000001d55a1db800,
0x000001d558b99000, 0x000001d558ddc000, 0x000001d5594ec800, 0x000001d55a2a4000,
0x000001d559fb3000, 0x000001d55ac8a800, 0x000001d55b3d6000, 0x000001d55974d800,
0x000001d55974e000, 0x000001d55974f000, 0x000001d55974f800, 0x000001d55857c000
}

Java Threads: ( => current thread )
  0x000001d53c13b000 JavaThread "main" [_thread_blocked, id=16140, stack(0x00000098c5b00000,0x00000098c5c00000)]
  0x000001d557660000 JavaThread "Reference Handler" daemon [_thread_blocked, id=17056, stack(0x00000098c6200000,0x00000098c6300000)]
  0x000001d55768b800 JavaThread "Finalizer" daemon [_thread_blocked, id=13892, stack(0x00000098c6300000,0x00000098c6400000)]
  0x000001d557efc800 JavaThread "Signal Dispatcher" daemon [_thread_blocked, id=2396, stack(0x00000098c6400000,0x00000098c6500000)]
  0x000001d557efd000 JavaThread "Attach Listener" daemon [_thread_blocked, id=14864, stack(0x00000098c6500000,0x00000098c6600000)]
=>0x000001d557efe000 JavaThread "C2 CompilerThread0" daemon [_thread_in_native, id=8084, stack(0x00000098c6600000,0x00000098c6700000)]
  0x000001d557f09800 JavaThread "C1 CompilerThread0" daemon [_thread_blocked, id=7184, stack(0x00000098c6700000,0x00000098c6800000)]
  0x000001d5576a7000 JavaThread "Sweeper thread" daemon [_thread_blocked, id=4388, stack(0x00000098c6800000,0x00000098c6900000)]
  0x000001d558071000 JavaThread "Common-Cleaner" daemon [_thread_blocked, id=11628, stack(0x00000098c6900000,0x00000098c6a00000)]
  0x000001d5580b0800 JavaThread "Service Thread" daemon [_thread_blocked, id=15072, stack(0x00000098c6a00000,0x00000098c6b00000)]
  0x000001d55ae4e800 JavaThread "Daemon health stats" [_thread_blocked, id=16320, stack(0x00000098c7300000,0x00000098c7400000)]
  0x000001d55a1db800 JavaThread "Incoming local TCP Connector on port 59479" [_thread_in_native, id=292, stack(0x00000098c6c00000,0x00000098c6d00000)]
  0x000001d558b99000 JavaThread "Daemon periodic checks" [_thread_blocked, id=16164, stack(0x00000098c7200000,0x00000098c7300000)]
  0x000001d558ddc000 JavaThread "Daemon" [_thread_blocked, id=8948, stack(0x00000098c7400000,0x00000098c7500000)]
  0x000001d5594ec800 JavaThread "Handler for socket connection from /127.0.0.1:59479 to /127.0.0.1:59480" [_thread_in_native, id=2760, stack(0x00000098c7500000,0x00000098c7600000)]
  0x000001d55a2a4000 JavaThread "Cancel handler" [_thread_blocked, id=16400, stack(0x00000098c7600000,0x00000098c7700000)]
  0x000001d559fb3000 JavaThread "Daemon worker" [_thread_in_vm, id=16208, stack(0x00000098c7700000,0x00000098c7800000)]
  0x000001d55ac8a800 JavaThread "Asynchronous log dispatcher for DefaultDaemonConnection: socket connection from /127.0.0.1:59479 to /127.0.0.1:59480" [_thread_blocked, id=12800, stack(0x00000098c7800000,0x00000098c7900000)]
  0x000001d55b3d6000 JavaThread "Stdin handler" [_thread_blocked, id=2164, stack(0x00000098c7900000,0x00000098c7a00000)]
  0x000001d55974d800 JavaThread "Daemon client event forwarder" [_thread_blocked, id=10012, stack(0x00000098c7a00000,0x00000098c7b00000)]
  0x000001d55974e000 JavaThread "Cache worker for journal cache (C:\Users\pc1\.gradle\caches\journal-1)" [_thread_blocked, id=8184, stack(0x00000098c7b00000,0x00000098c7c00000)]
  0x000001d55974f000 JavaThread "File lock request listener" [_thread_in_native, id=14292, stack(0x00000098c7c00000,0x00000098c7d00000)]
  0x000001d55974f800 JavaThread "Cache worker for file hash cache (C:\Users\pc1\.gradle\caches\7.2\fileHashes)" [_thread_blocked, id=9516, stack(0x00000098c7d00000,0x00000098c7e00000)]
  0x000001d55857c000 JavaThread "C2 CompilerThread1" daemon [_thread_blocked, id=15444, stack(0x00000098c8100000,0x00000098c8200000)]

Other Threads:
  0x000001d55765e000 VMThread "VM Thread" [stack: 0x00000098c6100000,0x00000098c6200000] [id=3584]
  0x000001d5580b2000 WatcherThread [stack: 0x00000098c6b00000,0x00000098c6c00000] [id=9024]
  0x000001d53a07c000 GCTaskThread "GC Thread#0" [stack: 0x00000098c5c00000,0x00000098c5d00000] [id=11412]
  0x000001d558b22800 GCTaskThread "GC Thread#1" [stack: 0x00000098c6d00000,0x00000098c6e00000] [id=7400]
  0x000001d55854c800 GCTaskThread "GC Thread#2" [stack: 0x00000098c6e00000,0x00000098c6f00000] [id=17060]
  0x000001d558c3b800 GCTaskThread "GC Thread#3" [stack: 0x00000098c6f00000,0x00000098c7000000] [id=14708]
  0x000001d558c3c000 GCTaskThread "GC Thread#4" [stack: 0x00000098c7000000,0x00000098c7100000] [id=15720]
  0x000001d558a94000 GCTaskThread "GC Thread#5" [stack: 0x00000098c7100000,0x00000098c7200000] [id=12744]
  0x000001d559359800 GCTaskThread "GC Thread#6" [stack: 0x00000098c7e00000,0x00000098c7f00000] [id=7404]
  0x000001d557f9b800 GCTaskThread "GC Thread#7" [stack: 0x00000098c7f00000,0x00000098c8000000] [id=8512]
  0x000001d53c162000 ConcurrentGCThread "G1 Main Marker" [stack: 0x00000098c5d00000,0x00000098c5e00000] [id=17004]
  0x000001d53c164800 ConcurrentGCThread "G1 Conc#0" [stack: 0x00000098c5e00000,0x00000098c5f00000] [id=16896]
  0x000001d558bd9800 ConcurrentGCThread "G1 Conc#1" [stack: 0x00000098c8000000,0x00000098c8100000] [id=15540]
  0x000001d5574f6800 ConcurrentGCThread "G1 Refine#0" [stack: 0x00000098c5f00000,0x00000098c6000000] [id=5408]
  0x000001d5574f7000 ConcurrentGCThread "G1 Young RemSet Sampling" [stack: 0x00000098c6000000,0x00000098c6100000] [id=14368]

Threads with active compile tasks:
C2 CompilerThread0   6329 2025   !   4       java.lang.ClassLoader::loadClass (122 bytes)

VM state:not at safepoint (normal execution)

VM Mutex/Monitor currently owned by a thread: None

Heap address: 0x00000000e0000000, size: 512 MB, Compressed Oops mode: 32-bit
Narrow klass base: 0x0000000000000000, Narrow klass shift: 3
Compressed class space size: 260046848 Address: 0x0000000100000000

Heap:
 garbage-first heap   total 262144K, used 48589K [0x00000000e0000000, 0x0000000100000000)
  region size 1024K, 44 young (45056K), 11 survivors (11264K)
 Metaspace       used 23937K, capacity 24569K, committed 24752K, reserved 276480K
  class space    used 3046K, capacity 3262K, committed 3328K, reserved 253952K
Heap Regions: E=young(eden), S=young(survivor), O=old, HS=humongous(starts), HC=humongous(continues), CS=collection set, F=free, A=archive, TAMS=top-at-mark-start (previous, next)
|   0|0x00000000e0000000, 0x00000000e0000000, 0x00000000e0100000|  0%| F|  |TAMS 0x00000000e0000000, 0x00000000e0000000| Untracked 
|   1|0x00000000e0100000, 0x00000000e0100000, 0x00000000e0200000|  0%| F|  |TAMS 0x00000000e0100000, 0x00000000e0100000| Untracked 
|   2|0x00000000e0200000, 0x00000000e0200000, 0x00000000e0300000|  0%| F|  |TAMS 0x00000000e0200000, 0x00000000e0200000| Untracked 
|   3|0x00000000e0300000, 0x00000000e0400000, 0x00000000e0400000|100%|HS|  |TAMS 0x00000000e0400000, 0x00000000e0300000| Complete 
|   4|0x00000000e0400000, 0x00000000e0500000, 0x00000000e0500000|100%|HC|  |TAMS 0x00000000e0500000, 0x00000000e0400000| Complete 
|   5|0x00000000e0500000, 0x00000000e0600000, 0x00000000e0600000|100%|HC|  |TAMS 0x00000000e0600000, 0x00000000e0500000| Complete 
|   6|0x00000000e0600000, 0x00000000e0700000, 0x00000000e0700000|100%| O|  |TAMS 0x00000000e0700000, 0x00000000e0600000| Untracked 
|   7|0x00000000e0700000, 0x00000000e0800000, 0x00000000e0800000|100%| O|  |TAMS 0x00000000e0800000, 0x00000000e0700000| Untracked 
|   8|0x00000000e0800000, 0x00000000e0900000, 0x00000000e0900000|100%| O|  |TAMS 0x00000000e0900000, 0x00000000e0800000| Untracked 
|   9|0x00000000e0900000, 0x00000000e0934400, 0x00000000e0a00000| 20%| O|  |TAMS 0x00000000e0934400, 0x00000000e0900000| Untracked 
|  10|0x00000000e0a00000, 0x00000000e0a00000, 0x00000000e0b00000|  0%| F|  |TAMS 0x00000000e0a00000, 0x00000000e0a00000| Untracked 
|  11|0x00000000e0b00000, 0x00000000e0b00000, 0x00000000e0c00000|  0%| F|  |TAMS 0x00000000e0b00000, 0x00000000e0b00000| Untracked 
|  12|0x00000000e0c00000, 0x00000000e0c00000, 0x00000000e0d00000|  0%| F|  |TAMS 0x00000000e0c00000, 0x00000000e0c00000| Untracked 
|  13|0x00000000e0d00000, 0x00000000e0d00000, 0x00000000e0e00000|  0%| F|  |TAMS 0x00000000e0d00000, 0x00000000e0d00000| Untracked 
|  14|0x00000000e0e00000, 0x00000000e0e00000, 0x00000000e0f00000|  0%| F|  |TAMS 0x00000000e0e00000, 0x00000000e0e00000| Untracked 
|  15|0x00000000e0f00000, 0x00000000e0f00000, 0x00000000e1000000|  0%| F|  |TAMS 0x00000000e0f00000, 0x00000000e0f00000| Untracked 
|  16|0x00000000e1000000, 0x00000000e1000000, 0x00000000e1100000|  0%| F|  |TAMS 0x00000000e1000000, 0x00000000e1000000| Untracked 
|  17|0x00000000e1100000, 0x00000000e1100000, 0x00000000e1200000|  0%| F|  |TAMS 0x00000000e1100000, 0x00000000e1100000| Untracked 
|  18|0x00000000e1200000, 0x00000000e1200000, 0x00000000e1300000|  0%| F|  |TAMS 0x00000000e1200000, 0x00000000e1200000| Untracked 
|  19|0x00000000e1300000, 0x00000000e1300000, 0x00000000e1400000|  0%| F|  |TAMS 0x00000000e1300000, 0x00000000e1300000| Untracked 
|  20|0x00000000e1400000, 0x00000000e1400000, 0x00000000e1500000|  0%| F|  |TAMS 0x00000000e1400000, 0x00000000e1400000| Untracked 
|  21|0x00000000e1500000, 0x00000000e1500000, 0x00000000e1600000|  0%| F|  |TAMS 0x00000000e1500000, 0x00000000e1500000| Untracked 
|  22|0x00000000e1600000, 0x00000000e1600000, 0x00000000e1700000|  0%| F|  |TAMS 0x00000000e1600000, 0x00000000e1600000| Untracked 
|  23|0x00000000e1700000, 0x00000000e1700000, 0x00000000e1800000|  0%| F|  |TAMS 0x00000000e1700000, 0x00000000e1700000| Untracked 
|  24|0x00000000e1800000, 0x00000000e1800000, 0x00000000e1900000|  0%| F|  |TAMS 0x00000000e1800000, 0x00000000e1800000| Untracked 
|  25|0x00000000e1900000, 0x00000000e1900000, 0x00000000e1a00000|  0%| F|  |TAMS 0x00000000e1900000, 0x00000000e1900000| Untracked 
|  26|0x00000000e1a00000, 0x00000000e1a00000, 0x00000000e1b00000|  0%| F|  |TAMS 0x00000000e1a00000, 0x00000000e1a00000| Untracked 
|  27|0x00000000e1b00000, 0x00000000e1b00000, 0x00000000e1c00000|  0%| F|  |TAMS 0x00000000e1b00000, 0x00000000e1b00000| Untracked 
|  28|0x00000000e1c00000, 0x00000000e1c00000, 0x00000000e1d00000|  0%| F|  |TAMS 0x00000000e1c00000, 0x00000000e1c00000| Untracked 
|  29|0x00000000e1d00000, 0x00000000e1d00000, 0x00000000e1e00000|  0%| F|  |TAMS 0x00000000e1d00000, 0x00000000e1d00000| Untracked 
|  30|0x00000000e1e00000, 0x00000000e1e00000, 0x00000000e1f00000|  0%| F|  |TAMS 0x00000000e1e00000, 0x00000000e1e00000| Untracked 
|  31|0x00000000e1f00000, 0x00000000e1f00000, 0x00000000e2000000|  0%| F|  |TAMS 0x00000000e1f00000, 0x00000000e1f00000| Untracked 
|  32|0x00000000e2000000, 0x00000000e2000000, 0x00000000e2100000|  0%| F|  |TAMS 0x00000000e2000000, 0x00000000e2000000| Untracked 
|  33|0x00000000e2100000, 0x00000000e2100000, 0x00000000e2200000|  0%| F|  |TAMS 0x00000000e2100000, 0x00000000e2100000| Untracked 
|  34|0x00000000e2200000, 0x00000000e2200000, 0x00000000e2300000|  0%| F|  |TAMS 0x00000000e2200000, 0x00000000e2200000| Untracked 
|  35|0x00000000e2300000, 0x00000000e2300000, 0x00000000e2400000|  0%| F|  |TAMS 0x00000000e2300000, 0x00000000e2300000| Untracked 
|  36|0x00000000e2400000, 0x00000000e2400000, 0x00000000e2500000|  0%| F|  |TAMS 0x00000000e2400000, 0x00000000e2400000| Untracked 
|  37|0x00000000e2500000, 0x00000000e2500000, 0x00000000e2600000|  0%| F|  |TAMS 0x00000000e2500000, 0x00000000e2500000| Untracked 
|  38|0x00000000e2600000, 0x00000000e2600000, 0x00000000e2700000|  0%| F|  |TAMS 0x00000000e2600000, 0x00000000e2600000| Untracked 
|  39|0x00000000e2700000, 0x00000000e2700000, 0x00000000e2800000|  0%| F|  |TAMS 0x00000000e2700000, 0x00000000e2700000| Untracked 
|  40|0x00000000e2800000, 0x00000000e2800000, 0x00000000e2900000|  0%| F|  |TAMS 0x00000000e2800000, 0x00000000e2800000| Untracked 
|  41|0x00000000e2900000, 0x00000000e2900000, 0x00000000e2a00000|  0%| F|  |TAMS 0x00000000e2900000, 0x00000000e2900000| Untracked 
|  42|0x00000000e2a00000, 0x00000000e2a00000, 0x00000000e2b00000|  0%| F|  |TAMS 0x00000000e2a00000, 0x00000000e2a00000| Untracked 
|  43|0x00000000e2b00000, 0x00000000e2b00000, 0x00000000e2c00000|  0%| F|  |TAMS 0x00000000e2b00000, 0x00000000e2b00000| Untracked 
|  44|0x00000000e2c00000, 0x00000000e2c00000, 0x00000000e2d00000|  0%| F|  |TAMS 0x00000000e2c00000, 0x00000000e2c00000| Untracked 
|  45|0x00000000e2d00000, 0x00000000e2d00000, 0x00000000e2e00000|  0%| F|  |TAMS 0x00000000e2d00000, 0x00000000e2d00000| Untracked 
|  46|0x00000000e2e00000, 0x00000000e2e00000, 0x00000000e2f00000|  0%| F|  |TAMS 0x00000000e2e00000, 0x00000000e2e00000| Untracked 
|  47|0x00000000e2f00000, 0x00000000e2f00000, 0x00000000e3000000|  0%| F|  |TAMS 0x00000000e2f00000, 0x00000000e2f00000| Untracked 
|  48|0x00000000e3000000, 0x00000000e3000000, 0x00000000e3100000|  0%| F|  |TAMS 0x00000000e3000000, 0x00000000e3000000| Untracked 
|  49|0x00000000e3100000, 0x00000000e3100000, 0x00000000e3200000|  0%| F|  |TAMS 0x00000000e3100000, 0x00000000e3100000| Untracked 
|  50|0x00000000e3200000, 0x00000000e3200000, 0x00000000e3300000|  0%| F|  |TAMS 0x00000000e3200000, 0x00000000e3200000| Untracked 
|  51|0x00000000e3300000, 0x00000000e3300000, 0x00000000e3400000|  0%| F|  |TAMS 0x00000000e3300000, 0x00000000e3300000| Untracked 
|  52|0x00000000e3400000, 0x00000000e3400000, 0x00000000e3500000|  0%| F|  |TAMS 0x00000000e3400000, 0x00000000e3400000| Untracked 
|  53|0x00000000e3500000, 0x00000000e3500000, 0x00000000e3600000|  0%| F|  |TAMS 0x00000000e3500000, 0x00000000e3500000| Untracked 
|  54|0x00000000e3600000, 0x00000000e3600000, 0x00000000e3700000|  0%| F|  |TAMS 0x00000000e3600000, 0x00000000e3600000| Untracked 
|  55|0x00000000e3700000, 0x00000000e3700000, 0x00000000e3800000|  0%| F|  |TAMS 0x00000000e3700000, 0x00000000e3700000| Untracked 
|  56|0x00000000e3800000, 0x00000000e3800000, 0x00000000e3900000|  0%| F|  |TAMS 0x00000000e3800000, 0x00000000e3800000| Untracked 
|  57|0x00000000e3900000, 0x00000000e3900000, 0x00000000e3a00000|  0%| F|  |TAMS 0x00000000e3900000, 0x00000000e3900000| Untracked 
|  58|0x00000000e3a00000, 0x00000000e3a00000, 0x00000000e3b00000|  0%| F|  |TAMS 0x00000000e3a00000, 0x00000000e3a00000| Untracked 
|  59|0x00000000e3b00000, 0x00000000e3b00000, 0x00000000e3c00000|  0%| F|  |TAMS 0x00000000e3b00000, 0x00000000e3b00000| Untracked 
|  60|0x00000000e3c00000, 0x00000000e3c00000, 0x00000000e3d00000|  0%| F|  |TAMS 0x00000000e3c00000, 0x00000000e3c00000| Untracked 
|  61|0x00000000e3d00000, 0x00000000e3d00000, 0x00000000e3e00000|  0%| F|  |TAMS 0x00000000e3d00000, 0x00000000e3d00000| Untracked 
|  62|0x00000000e3e00000, 0x00000000e3e00000, 0x00000000e3f00000|  0%| F|  |TAMS 0x00000000e3e00000, 0x00000000e3e00000| Untracked 
|  63|0x00000000e3f00000, 0x00000000e3f00000, 0x00000000e4000000|  0%| F|  |TAMS 0x00000000e3f00000, 0x00000000e3f00000| Untracked 
|  64|0x00000000e4000000, 0x00000000e4000000, 0x00000000e4100000|  0%| F|  |TAMS 0x00000000e4000000, 0x00000000e4000000| Untracked 
|  65|0x00000000e4100000, 0x00000000e4100000, 0x00000000e4200000|  0%| F|  |TAMS 0x00000000e4100000, 0x00000000e4100000| Untracked 
|  66|0x00000000e4200000, 0x00000000e4200000, 0x00000000e4300000|  0%| F|  |TAMS 0x00000000e4200000, 0x00000000e4200000| Untracked 
|  67|0x00000000e4300000, 0x00000000e4300000, 0x00000000e4400000|  0%| F|  |TAMS 0x00000000e4300000, 0x00000000e4300000| Untracked 
|  68|0x00000000e4400000, 0x00000000e4400000, 0x00000000e4500000|  0%| F|  |TAMS 0x00000000e4400000, 0x00000000e4400000| Untracked 
|  69|0x00000000e4500000, 0x00000000e4500000, 0x00000000e4600000|  0%| F|  |TAMS 0x00000000e4500000, 0x00000000e4500000| Untracked 
|  70|0x00000000e4600000, 0x00000000e4600000, 0x00000000e4700000|  0%| F|  |TAMS 0x00000000e4600000, 0x00000000e4600000| Untracked 
|  71|0x00000000e4700000, 0x00000000e4700000, 0x00000000e4800000|  0%| F|  |TAMS 0x00000000e4700000, 0x00000000e4700000| Untracked 
|  72|0x00000000e4800000, 0x00000000e4800000, 0x00000000e4900000|  0%| F|  |TAMS 0x00000000e4800000, 0x00000000e4800000| Untracked 
|  73|0x00000000e4900000, 0x00000000e4900000, 0x00000000e4a00000|  0%| F|  |TAMS 0x00000000e4900000, 0x00000000e4900000| Untracked 
|  74|0x00000000e4a00000, 0x00000000e4a00000, 0x00000000e4b00000|  0%| F|  |TAMS 0x00000000e4a00000, 0x00000000e4a00000| Untracked 
|  75|0x00000000e4b00000, 0x00000000e4b00000, 0x00000000e4c00000|  0%| F|  |TAMS 0x00000000e4b00000, 0x00000000e4b00000| Untracked 
|  76|0x00000000e4c00000, 0x00000000e4c00000, 0x00000000e4d00000|  0%| F|  |TAMS 0x00000000e4c00000, 0x00000000e4c00000| Untracked 
|  77|0x00000000e4d00000, 0x00000000e4d00000, 0x00000000e4e00000|  0%| F|  |TAMS 0x00000000e4d00000, 0x00000000e4d00000| Untracked 
|  78|0x00000000e4e00000, 0x00000000e4e00000, 0x00000000e4f00000|  0%| F|  |TAMS 0x00000000e4e00000, 0x00000000e4e00000| Untracked 
|  79|0x00000000e4f00000, 0x00000000e4f00000, 0x00000000e5000000|  0%| F|  |TAMS 0x00000000e4f00000, 0x00000000e4f00000| Untracked 
|  80|0x00000000e5000000, 0x00000000e5000000, 0x00000000e5100000|  0%| F|  |TAMS 0x00000000e5000000, 0x00000000e5000000| Untracked 
|  81|0x00000000e5100000, 0x00000000e5100000, 0x00000000e5200000|  0%| F|  |TAMS 0x00000000e5100000, 0x00000000e5100000| Untracked 
|  82|0x00000000e5200000, 0x00000000e5200000, 0x00000000e5300000|  0%| F|  |TAMS 0x00000000e5200000, 0x00000000e5200000| Untracked 
|  83|0x00000000e5300000, 0x00000000e5300000, 0x00000000e5400000|  0%| F|  |TAMS 0x00000000e5300000, 0x00000000e5300000| Untracked 
|  84|0x00000000e5400000, 0x00000000e5400000, 0x00000000e5500000|  0%| F|  |TAMS 0x00000000e5400000, 0x00000000e5400000| Untracked 
|  85|0x00000000e5500000, 0x00000000e5500000, 0x00000000e5600000|  0%| F|  |TAMS 0x00000000e5500000, 0x00000000e5500000| Untracked 
|  86|0x00000000e5600000, 0x00000000e5600000, 0x00000000e5700000|  0%| F|  |TAMS 0x00000000e5600000, 0x00000000e5600000| Untracked 
|  87|0x00000000e5700000, 0x00000000e5700000, 0x00000000e5800000|  0%| F|  |TAMS 0x00000000e5700000, 0x00000000e5700000| Untracked 
|  88|0x00000000e5800000, 0x00000000e5800000, 0x00000000e5900000|  0%| F|  |TAMS 0x00000000e5800000, 0x00000000e5800000| Untracked 
|  89|0x00000000e5900000, 0x00000000e5900000, 0x00000000e5a00000|  0%| F|  |TAMS 0x00000000e5900000, 0x00000000e5900000| Untracked 
|  90|0x00000000e5a00000, 0x00000000e5a00000, 0x00000000e5b00000|  0%| F|  |TAMS 0x00000000e5a00000, 0x00000000e5a00000| Untracked 
|  91|0x00000000e5b00000, 0x00000000e5b00000, 0x00000000e5c00000|  0%| F|  |TAMS 0x00000000e5b00000, 0x00000000e5b00000| Untracked 
|  92|0x00000000e5c00000, 0x00000000e5c00000, 0x00000000e5d00000|  0%| F|  |TAMS 0x00000000e5c00000, 0x00000000e5c00000| Untracked 
|  93|0x00000000e5d00000, 0x00000000e5d00000, 0x00000000e5e00000|  0%| F|  |TAMS 0x00000000e5d00000, 0x00000000e5d00000| Untracked 
|  94|0x00000000e5e00000, 0x00000000e5e00000, 0x00000000e5f00000|  0%| F|  |TAMS 0x00000000e5e00000, 0x00000000e5e00000| Untracked 
|  95|0x00000000e5f00000, 0x00000000e5f00000, 0x00000000e6000000|  0%| F|  |TAMS 0x00000000e5f00000, 0x00000000e5f00000| Untracked 
|  96|0x00000000e6000000, 0x00000000e6000000, 0x00000000e6100000|  0%| F|  |TAMS 0x00000000e6000000, 0x00000000e6000000| Untracked 
|  97|0x00000000e6100000, 0x00000000e6100000, 0x00000000e6200000|  0%| F|  |TAMS 0x00000000e6100000, 0x00000000e6100000| Untracked 
|  98|0x00000000e6200000, 0x00000000e6200000, 0x00000000e6300000|  0%| F|  |TAMS 0x00000000e6200000, 0x00000000e6200000| Untracked 
|  99|0x00000000e6300000, 0x00000000e6300000, 0x00000000e6400000|  0%| F|  |TAMS 0x00000000e6300000, 0x00000000e6300000| Untracked 
| 100|0x00000000e6400000, 0x00000000e6400000, 0x00000000e6500000|  0%| F|  |TAMS 0x00000000e6400000, 0x00000000e6400000| Untracked 
| 101|0x00000000e6500000, 0x00000000e6500000, 0x00000000e6600000|  0%| F|  |TAMS 0x00000000e6500000, 0x00000000e6500000| Untracked 
| 102|0x00000000e6600000, 0x00000000e6600000, 0x00000000e6700000|  0%| F|  |TAMS 0x00000000e6600000, 0x00000000e6600000| Untracked 
| 103|0x00000000e6700000, 0x00000000e6700000, 0x00000000e6800000|  0%| F|  |TAMS 0x00000000e6700000, 0x00000000e6700000| Untracked 
| 104|0x00000000e6800000, 0x00000000e6800000, 0x00000000e6900000|  0%| F|  |TAMS 0x00000000e6800000, 0x00000000e6800000| Untracked 
| 105|0x00000000e6900000, 0x00000000e6900000, 0x00000000e6a00000|  0%| F|  |TAMS 0x00000000e6900000, 0x00000000e6900000| Untracked 
| 106|0x00000000e6a00000, 0x00000000e6a00000, 0x00000000e6b00000|  0%| F|  |TAMS 0x00000000e6a00000, 0x00000000e6a00000| Untracked 
| 107|0x00000000e6b00000, 0x00000000e6b00000, 0x00000000e6c00000|  0%| F|  |TAMS 0x00000000e6b00000, 0x00000000e6b00000| Untracked 
| 108|0x00000000e6c00000, 0x00000000e6c00000, 0x00000000e6d00000|  0%| F|  |TAMS 0x00000000e6c00000, 0x00000000e6c00000| Untracked 
| 109|0x00000000e6d00000, 0x00000000e6d00000, 0x00000000e6e00000|  0%| F|  |TAMS 0x00000000e6d00000, 0x00000000e6d00000| Untracked 
| 110|0x00000000e6e00000, 0x00000000e6e00000, 0x00000000e6f00000|  0%| F|  |TAMS 0x00000000e6e00000, 0x00000000e6e00000| Untracked 
| 111|0x00000000e6f00000, 0x00000000e6f00000, 0x00000000e7000000|  0%| F|  |TAMS 0x00000000e6f00000, 0x00000000e6f00000| Untracked 
| 112|0x00000000e7000000, 0x00000000e7000000, 0x00000000e7100000|  0%| F|  |TAMS 0x00000000e7000000, 0x00000000e7000000| Untracked 
| 113|0x00000000e7100000, 0x00000000e7100000, 0x00000000e7200000|  0%| F|  |TAMS 0x00000000e7100000, 0x00000000e7100000| Untracked 
| 114|0x00000000e7200000, 0x00000000e7200000, 0x00000000e7300000|  0%| F|  |TAMS 0x00000000e7200000, 0x00000000e7200000| Untracked 
| 115|0x00000000e7300000, 0x00000000e7300000, 0x00000000e7400000|  0%| F|  |TAMS 0x00000000e7300000, 0x00000000e7300000| Untracked 
| 116|0x00000000e7400000, 0x00000000e7400000, 0x00000000e7500000|  0%| F|  |TAMS 0x00000000e7400000, 0x00000000e7400000| Untracked 
| 117|0x00000000e7500000, 0x00000000e7500000, 0x00000000e7600000|  0%| F|  |TAMS 0x00000000e7500000, 0x00000000e7500000| Untracked 
| 118|0x00000000e7600000, 0x00000000e7600000, 0x00000000e7700000|  0%| F|  |TAMS 0x00000000e7600000, 0x00000000e7600000| Untracked 
| 119|0x00000000e7700000, 0x00000000e7700000, 0x00000000e7800000|  0%| F|  |TAMS 0x00000000e7700000, 0x00000000e7700000| Untracked 
| 120|0x00000000e7800000, 0x00000000e7800000, 0x00000000e7900000|  0%| F|  |TAMS 0x00000000e7800000, 0x00000000e7800000| Untracked 
| 121|0x00000000e7900000, 0x00000000e7900000, 0x00000000e7a00000|  0%| F|  |TAMS 0x00000000e7900000, 0x00000000e7900000| Untracked 
| 122|0x00000000e7a00000, 0x00000000e7a00000, 0x00000000e7b00000|  0%| F|  |TAMS 0x00000000e7a00000, 0x00000000e7a00000| Untracked 
| 123|0x00000000e7b00000, 0x00000000e7b00000, 0x00000000e7c00000|  0%| F|  |TAMS 0x00000000e7b00000, 0x00000000e7b00000| Untracked 
| 124|0x00000000e7c00000, 0x00000000e7c00000, 0x00000000e7d00000|  0%| F|  |TAMS 0x00000000e7c00000, 0x00000000e7c00000| Untracked 
| 125|0x00000000e7d00000, 0x00000000e7d00000, 0x00000000e7e00000|  0%| F|  |TAMS 0x00000000e7d00000, 0x00000000e7d00000| Untracked 
| 126|0x00000000e7e00000, 0x00000000e7e00000, 0x00000000e7f00000|  0%| F|  |TAMS 0x00000000e7e00000, 0x00000000e7e00000| Untracked 
| 127|0x00000000e7f00000, 0x00000000e7f00000, 0x00000000e8000000|  0%| F|  |TAMS 0x00000000e7f00000, 0x00000000e7f00000| Untracked 
| 128|0x00000000e8000000, 0x00000000e8000000, 0x00000000e8100000|  0%| F|  |TAMS 0x00000000e8000000, 0x00000000e8000000| Untracked 
| 129|0x00000000e8100000, 0x00000000e8100000, 0x00000000e8200000|  0%| F|  |TAMS 0x00000000e8100000, 0x00000000e8100000| Untracked 
| 130|0x00000000e8200000, 0x00000000e8200000, 0x00000000e8300000|  0%| F|  |TAMS 0x00000000e8200000, 0x00000000e8200000| Untracked 
| 131|0x00000000e8300000, 0x00000000e8300000, 0x00000000e8400000|  0%| F|  |TAMS 0x00000000e8300000, 0x00000000e8300000| Untracked 
| 132|0x00000000e8400000, 0x00000000e8400000, 0x00000000e8500000|  0%| F|  |TAMS 0x00000000e8400000, 0x00000000e8400000| Untracked 
| 133|0x00000000e8500000, 0x00000000e8500000, 0x00000000e8600000|  0%| F|  |TAMS 0x00000000e8500000, 0x00000000e8500000| Untracked 
| 134|0x00000000e8600000, 0x00000000e8600000, 0x00000000e8700000|  0%| F|  |TAMS 0x00000000e8600000, 0x00000000e8600000| Untracked 
| 135|0x00000000e8700000, 0x00000000e8700000, 0x00000000e8800000|  0%| F|  |TAMS 0x00000000e8700000, 0x00000000e8700000| Untracked 
| 136|0x00000000e8800000, 0x00000000e8800000, 0x00000000e8900000|  0%| F|  |TAMS 0x00000000e8800000, 0x00000000e8800000| Untracked 
| 137|0x00000000e8900000, 0x00000000e8900000, 0x00000000e8a00000|  0%| F|  |TAMS 0x00000000e8900000, 0x00000000e8900000| Untracked 
| 138|0x00000000e8a00000, 0x00000000e8a00000, 0x00000000e8b00000|  0%| F|  |TAMS 0x00000000e8a00000, 0x00000000e8a00000| Untracked 
| 139|0x00000000e8b00000, 0x00000000e8b00000, 0x00000000e8c00000|  0%| F|  |TAMS 0x00000000e8b00000, 0x00000000e8b00000| Untracked 
| 140|0x00000000e8c00000, 0x00000000e8c00000, 0x00000000e8d00000|  0%| F|  |TAMS 0x00000000e8c00000, 0x00000000e8c00000| Untracked 
| 141|0x00000000e8d00000, 0x00000000e8d00000, 0x00000000e8e00000|  0%| F|  |TAMS 0x00000000e8d00000, 0x00000000e8d00000| Untracked 
| 142|0x00000000e8e00000, 0x00000000e8e00000, 0x00000000e8f00000|  0%| F|  |TAMS 0x00000000e8e00000, 0x00000000e8e00000| Untracked 
| 143|0x00000000e8f00000, 0x00000000e8f00000, 0x00000000e9000000|  0%| F|  |TAMS 0x00000000e8f00000, 0x00000000e8f00000| Untracked 
| 144|0x00000000e9000000, 0x00000000e9000000, 0x00000000e9100000|  0%| F|  |TAMS 0x00000000e9000000, 0x00000000e9000000| Untracked 
| 145|0x00000000e9100000, 0x00000000e913f040, 0x00000000e9200000| 24%| S|CS|TAMS 0x00000000e9100000, 0x00000000e9100000| Complete 
| 146|0x00000000e9200000, 0x00000000e9300000, 0x00000000e9300000|100%| S|CS|TAMS 0x00000000e9200000, 0x00000000e9200000| Complete 
| 147|0x00000000e9300000, 0x00000000e9400000, 0x00000000e9400000|100%| S|CS|TAMS 0x00000000e9300000, 0x00000000e9300000| Complete 
| 148|0x00000000e9400000, 0x00000000e9500000, 0x00000000e9500000|100%| S|CS|TAMS 0x00000000e9400000, 0x00000000e9400000| Complete 
| 149|0x00000000e9500000, 0x00000000e9600000, 0x00000000e9600000|100%| S|CS|TAMS 0x00000000e9500000, 0x00000000e9500000| Complete 
| 150|0x00000000e9600000, 0x00000000e9700000, 0x00000000e9700000|100%| S|CS|TAMS 0x00000000e9600000, 0x00000000e9600000| Complete 
| 151|0x00000000e9700000, 0x00000000e9800000, 0x00000000e9800000|100%| S|CS|TAMS 0x00000000e9700000, 0x00000000e9700000| Complete 
| 152|0x00000000e9800000, 0x00000000e9900000, 0x00000000e9900000|100%| S|CS|TAMS 0x00000000e9800000, 0x00000000e9800000| Complete 
| 153|0x00000000e9900000, 0x00000000e9a00000, 0x00000000e9a00000|100%| S|CS|TAMS 0x00000000e9900000, 0x00000000e9900000| Complete 
| 154|0x00000000e9a00000, 0x00000000e9b00000, 0x00000000e9b00000|100%| S|CS|TAMS 0x00000000e9a00000, 0x00000000e9a00000| Complete 
| 155|0x00000000e9b00000, 0x00000000e9c00000, 0x00000000e9c00000|100%| S|CS|TAMS 0x00000000e9b00000, 0x00000000e9b00000| Complete 
| 156|0x00000000e9c00000, 0x00000000e9c00000, 0x00000000e9d00000|  0%| F|  |TAMS 0x00000000e9c00000, 0x00000000e9c00000| Untracked 
| 157|0x00000000e9d00000, 0x00000000e9d00000, 0x00000000e9e00000|  0%| F|  |TAMS 0x00000000e9d00000, 0x00000000e9d00000| Untracked 
| 158|0x00000000e9e00000, 0x00000000e9e00000, 0x00000000e9f00000|  0%| F|  |TAMS 0x00000000e9e00000, 0x00000000e9e00000| Untracked 
| 159|0x00000000e9f00000, 0x00000000e9f00000, 0x00000000ea000000|  0%| F|  |TAMS 0x00000000e9f00000, 0x00000000e9f00000| Untracked 
| 160|0x00000000ea000000, 0x00000000ea000000, 0x00000000ea100000|  0%| F|  |TAMS 0x00000000ea000000, 0x00000000ea000000| Untracked 
| 161|0x00000000ea100000, 0x00000000ea100000, 0x00000000ea200000|  0%| F|  |TAMS 0x00000000ea100000, 0x00000000ea100000| Untracked 
| 162|0x00000000ea200000, 0x00000000ea200000, 0x00000000ea300000|  0%| F|  |TAMS 0x00000000ea200000, 0x00000000ea200000| Untracked 
| 163|0x00000000ea300000, 0x00000000ea300000, 0x00000000ea400000|  0%| F|  |TAMS 0x00000000ea300000, 0x00000000ea300000| Untracked 
| 164|0x00000000ea400000, 0x00000000ea400000, 0x00000000ea500000|  0%| F|  |TAMS 0x00000000ea400000, 0x00000000ea400000| Untracked 
| 165|0x00000000ea500000, 0x00000000ea500000, 0x00000000ea600000|  0%| F|  |TAMS 0x00000000ea500000, 0x00000000ea500000| Untracked 
| 166|0x00000000ea600000, 0x00000000ea600000, 0x00000000ea700000|  0%| F|  |TAMS 0x00000000ea600000, 0x00000000ea600000| Untracked 
| 167|0x00000000ea700000, 0x00000000ea700000, 0x00000000ea800000|  0%| F|  |TAMS 0x00000000ea700000, 0x00000000ea700000| Untracked 
| 168|0x00000000ea800000, 0x00000000ea800000, 0x00000000ea900000|  0%| F|  |TAMS 0x00000000ea800000, 0x00000000ea800000| Untracked 
| 169|0x00000000ea900000, 0x00000000ea900000, 0x00000000eaa00000|  0%| F|  |TAMS 0x00000000ea900000, 0x00000000ea900000| Untracked 
| 170|0x00000000eaa00000, 0x00000000eaa00000, 0x00000000eab00000|  0%| F|  |TAMS 0x00000000eaa00000, 0x00000000eaa00000| Untracked 
| 171|0x00000000eab00000, 0x00000000eab00000, 0x00000000eac00000|  0%| F|  |TAMS 0x00000000eab00000, 0x00000000eab00000| Untracked 
| 172|0x00000000eac00000, 0x00000000eac00000, 0x00000000ead00000|  0%| F|  |TAMS 0x00000000eac00000, 0x00000000eac00000| Untracked 
| 173|0x00000000ead00000, 0x00000000ead00000, 0x00000000eae00000|  0%| F|  |TAMS 0x00000000ead00000, 0x00000000ead00000| Untracked 
| 174|0x00000000eae00000, 0x00000000eae00000, 0x00000000eaf00000|  0%| F|  |TAMS 0x00000000eae00000, 0x00000000eae00000| Untracked 
| 175|0x00000000eaf00000, 0x00000000eaf00000, 0x00000000eb000000|  0%| F|  |TAMS 0x00000000eaf00000, 0x00000000eaf00000| Untracked 
| 176|0x00000000eb000000, 0x00000000eb000000, 0x00000000eb100000|  0%| F|  |TAMS 0x00000000eb000000, 0x00000000eb000000| Untracked 
| 177|0x00000000eb100000, 0x00000000eb100000, 0x00000000eb200000|  0%| F|  |TAMS 0x00000000eb100000, 0x00000000eb100000| Untracked 
| 178|0x00000000eb200000, 0x00000000eb200000, 0x00000000eb300000|  0%| F|  |TAMS 0x00000000eb200000, 0x00000000eb200000| Untracked 
| 179|0x00000000eb300000, 0x00000000eb300000, 0x00000000eb400000|  0%| F|  |TAMS 0x00000000eb300000, 0x00000000eb300000| Untracked 
| 180|0x00000000eb400000, 0x00000000eb400000, 0x00000000eb500000|  0%| F|  |TAMS 0x00000000eb400000, 0x00000000eb400000| Untracked 
| 181|0x00000000eb500000, 0x00000000eb500000, 0x00000000eb600000|  0%| F|  |TAMS 0x00000000eb500000, 0x00000000eb500000| Untracked 
| 182|0x00000000eb600000, 0x00000000eb600000, 0x00000000eb700000|  0%| F|  |TAMS 0x00000000eb600000, 0x00000000eb600000| Untracked 
| 183|0x00000000eb700000, 0x00000000eb700000, 0x00000000eb800000|  0%| F|  |TAMS 0x00000000eb700000, 0x00000000eb700000| Untracked 
| 184|0x00000000eb800000, 0x00000000eb800000, 0x00000000eb900000|  0%| F|  |TAMS 0x00000000eb800000, 0x00000000eb800000| Untracked 
| 185|0x00000000eb900000, 0x00000000eb900000, 0x00000000eba00000|  0%| F|  |TAMS 0x00000000eb900000, 0x00000000eb900000| Untracked 
| 186|0x00000000eba00000, 0x00000000eba00000, 0x00000000ebb00000|  0%| F|  |TAMS 0x00000000eba00000, 0x00000000eba00000| Untracked 
| 187|0x00000000ebb00000, 0x00000000ebb00000, 0x00000000ebc00000|  0%| F|  |TAMS 0x00000000ebb00000, 0x00000000ebb00000| Untracked 
| 188|0x00000000ebc00000, 0x00000000ebc00000, 0x00000000ebd00000|  0%| F|  |TAMS 0x00000000ebc00000, 0x00000000ebc00000| Untracked 
| 189|0x00000000ebd00000, 0x00000000ebd00000, 0x00000000ebe00000|  0%| F|  |TAMS 0x00000000ebd00000, 0x00000000ebd00000| Untracked 
| 190|0x00000000ebe00000, 0x00000000ebe00000, 0x00000000ebf00000|  0%| F|  |TAMS 0x00000000ebe00000, 0x00000000ebe00000| Untracked 
| 191|0x00000000ebf00000, 0x00000000ebf00000, 0x00000000ec000000|  0%| F|  |TAMS 0x00000000ebf00000, 0x00000000ebf00000| Untracked 
| 192|0x00000000ec000000, 0x00000000ec000000, 0x00000000ec100000|  0%| F|  |TAMS 0x00000000ec000000, 0x00000000ec000000| Untracked 
| 193|0x00000000ec100000, 0x00000000ec100000, 0x00000000ec200000|  0%| F|  |TAMS 0x00000000ec100000, 0x00000000ec100000| Untracked 
| 194|0x00000000ec200000, 0x00000000ec200000, 0x00000000ec300000|  0%| F|  |TAMS 0x00000000ec200000, 0x00000000ec200000| Untracked 
| 195|0x00000000ec300000, 0x00000000ec300000, 0x00000000ec400000|  0%| F|  |TAMS 0x00000000ec300000, 0x00000000ec300000| Untracked 
| 196|0x00000000ec400000, 0x00000000ec400000, 0x00000000ec500000|  0%| F|  |TAMS 0x00000000ec400000, 0x00000000ec400000| Untracked 
| 197|0x00000000ec500000, 0x00000000ec500000, 0x00000000ec600000|  0%| F|  |TAMS 0x00000000ec500000, 0x00000000ec500000| Untracked 
| 198|0x00000000ec600000, 0x00000000ec600000, 0x00000000ec700000|  0%| F|  |TAMS 0x00000000ec600000, 0x00000000ec600000| Untracked 
| 199|0x00000000ec700000, 0x00000000ec700000, 0x00000000ec800000|  0%| F|  |TAMS 0x00000000ec700000, 0x00000000ec700000| Untracked 
| 200|0x00000000ec800000, 0x00000000ec800000, 0x00000000ec900000|  0%| F|  |TAMS 0x00000000ec800000, 0x00000000ec800000| Untracked 
| 201|0x00000000ec900000, 0x00000000ec900000, 0x00000000eca00000|  0%| F|  |TAMS 0x00000000ec900000, 0x00000000ec900000| Untracked 
| 202|0x00000000eca00000, 0x00000000eca00000, 0x00000000ecb00000|  0%| F|  |TAMS 0x00000000eca00000, 0x00000000eca00000| Untracked 
| 203|0x00000000ecb00000, 0x00000000ecb00000, 0x00000000ecc00000|  0%| F|  |TAMS 0x00000000ecb00000, 0x00000000ecb00000| Untracked 
| 204|0x00000000ecc00000, 0x00000000ecc00000, 0x00000000ecd00000|  0%| F|  |TAMS 0x00000000ecc00000, 0x00000000ecc00000| Untracked 
| 205|0x00000000ecd00000, 0x00000000ecd00000, 0x00000000ece00000|  0%| F|  |TAMS 0x00000000ecd00000, 0x00000000ecd00000| Untracked 
| 206|0x00000000ece00000, 0x00000000ece00000, 0x00000000ecf00000|  0%| F|  |TAMS 0x00000000ece00000, 0x00000000ece00000| Untracked 
| 207|0x00000000ecf00000, 0x00000000ecf00000, 0x00000000ed000000|  0%| F|  |TAMS 0x00000000ecf00000, 0x00000000ecf00000| Untracked 
| 208|0x00000000ed000000, 0x00000000ed000000, 0x00000000ed100000|  0%| F|  |TAMS 0x00000000ed000000, 0x00000000ed000000| Untracked 
| 209|0x00000000ed100000, 0x00000000ed100000, 0x00000000ed200000|  0%| F|  |TAMS 0x00000000ed100000, 0x00000000ed100000| Untracked 
| 210|0x00000000ed200000, 0x00000000ed200000, 0x00000000ed300000|  0%| F|  |TAMS 0x00000000ed200000, 0x00000000ed200000| Untracked 
| 211|0x00000000ed300000, 0x00000000ed300000, 0x00000000ed400000|  0%| F|  |TAMS 0x00000000ed300000, 0x00000000ed300000| Untracked 
| 212|0x00000000ed400000, 0x00000000ed400000, 0x00000000ed500000|  0%| F|  |TAMS 0x00000000ed400000, 0x00000000ed400000| Untracked 
| 213|0x00000000ed500000, 0x00000000ed500000, 0x00000000ed600000|  0%| F|  |TAMS 0x00000000ed500000, 0x00000000ed500000| Untracked 
| 214|0x00000000ed600000, 0x00000000ed600000, 0x00000000ed700000|  0%| F|  |TAMS 0x00000000ed600000, 0x00000000ed600000| Untracked 
| 215|0x00000000ed700000, 0x00000000ed700000, 0x00000000ed800000|  0%| F|  |TAMS 0x00000000ed700000, 0x00000000ed700000| Untracked 
| 216|0x00000000ed800000, 0x00000000ed800000, 0x00000000ed900000|  0%| F|  |TAMS 0x00000000ed800000, 0x00000000ed800000| Untracked 
| 217|0x00000000ed900000, 0x00000000ed900000, 0x00000000eda00000|  0%| F|  |TAMS 0x00000000ed900000, 0x00000000ed900000| Untracked 
| 218|0x00000000eda00000, 0x00000000eda00000, 0x00000000edb00000|  0%| F|  |TAMS 0x00000000eda00000, 0x00000000eda00000| Untracked 
| 219|0x00000000edb00000, 0x00000000edb00000, 0x00000000edc00000|  0%| F|  |TAMS 0x00000000edb00000, 0x00000000edb00000| Untracked 
| 220|0x00000000edc00000, 0x00000000edc00000, 0x00000000edd00000|  0%| F|  |TAMS 0x00000000edc00000, 0x00000000edc00000| Untracked 
| 221|0x00000000edd00000, 0x00000000edd00000, 0x00000000ede00000|  0%| F|  |TAMS 0x00000000edd00000, 0x00000000edd00000| Untracked 
| 222|0x00000000ede00000, 0x00000000ede00000, 0x00000000edf00000|  0%| F|  |TAMS 0x00000000ede00000, 0x00000000ede00000| Untracked 
| 223|0x00000000edf00000, 0x00000000ee000000, 0x00000000ee000000|100%| E|  |TAMS 0x00000000edf00000, 0x00000000edf00000| Complete 
| 224|0x00000000ee000000, 0x00000000ee100000, 0x00000000ee100000|100%| E|CS|TAMS 0x00000000ee000000, 0x00000000ee000000| Complete 
| 225|0x00000000ee100000, 0x00000000ee200000, 0x00000000ee200000|100%| E|CS|TAMS 0x00000000ee100000, 0x00000000ee100000| Complete 
| 226|0x00000000ee200000, 0x00000000ee300000, 0x00000000ee300000|100%| E|CS|TAMS 0x00000000ee200000, 0x00000000ee200000| Complete 
| 227|0x00000000ee300000, 0x00000000ee400000, 0x00000000ee400000|100%| E|CS|TAMS 0x00000000ee300000, 0x00000000ee300000| Complete 
| 228|0x00000000ee400000, 0x00000000ee500000, 0x00000000ee500000|100%| E|CS|TAMS 0x00000000ee400000, 0x00000000ee400000| Complete 
| 229|0x00000000ee500000, 0x00000000ee600000, 0x00000000ee600000|100%| E|CS|TAMS 0x00000000ee500000, 0x00000000ee500000| Complete 
| 230|0x00000000ee600000, 0x00000000ee700000, 0x00000000ee700000|100%| E|  |TAMS 0x00000000ee600000, 0x00000000ee600000| Complete 
| 231|0x00000000ee700000, 0x00000000ee800000, 0x00000000ee800000|100%| E|CS|TAMS 0x00000000ee700000, 0x00000000ee700000| Complete 
| 232|0x00000000ee800000, 0x00000000ee900000, 0x00000000ee900000|100%| E|CS|TAMS 0x00000000ee800000, 0x00000000ee800000| Complete 
| 233|0x00000000ee900000, 0x00000000eea00000, 0x00000000eea00000|100%| E|CS|TAMS 0x00000000ee900000, 0x00000000ee900000| Complete 
| 234|0x00000000eea00000, 0x00000000eeb00000, 0x00000000eeb00000|100%| E|CS|TAMS 0x00000000eea00000, 0x00000000eea00000| Complete 
| 235|0x00000000eeb00000, 0x00000000eec00000, 0x00000000eec00000|100%| E|CS|TAMS 0x00000000eeb00000, 0x00000000eeb00000| Complete 
| 236|0x00000000eec00000, 0x00000000eed00000, 0x00000000eed00000|100%| E|CS|TAMS 0x00000000eec00000, 0x00000000eec00000| Complete 
| 237|0x00000000eed00000, 0x00000000eee00000, 0x00000000eee00000|100%| E|CS|TAMS 0x00000000eed00000, 0x00000000eed00000| Complete 
| 238|0x00000000eee00000, 0x00000000eef00000, 0x00000000eef00000|100%| E|CS|TAMS 0x00000000eee00000, 0x00000000eee00000| Complete 
| 239|0x00000000eef00000, 0x00000000ef000000, 0x00000000ef000000|100%| E|CS|TAMS 0x00000000eef00000, 0x00000000eef00000| Complete 
| 240|0x00000000ef000000, 0x00000000ef100000, 0x00000000ef100000|100%| E|CS|TAMS 0x00000000ef000000, 0x00000000ef000000| Complete 
| 241|0x00000000ef100000, 0x00000000ef200000, 0x00000000ef200000|100%| E|CS|TAMS 0x00000000ef100000, 0x00000000ef100000| Complete 
| 242|0x00000000ef200000, 0x00000000ef300000, 0x00000000ef300000|100%| E|CS|TAMS 0x00000000ef200000, 0x00000000ef200000| Complete 
| 243|0x00000000ef300000, 0x00000000ef400000, 0x00000000ef400000|100%| E|CS|TAMS 0x00000000ef300000, 0x00000000ef300000| Complete 
| 244|0x00000000ef400000, 0x00000000ef500000, 0x00000000ef500000|100%| E|CS|TAMS 0x00000000ef400000, 0x00000000ef400000| Complete 
| 245|0x00000000ef500000, 0x00000000ef600000, 0x00000000ef600000|100%| E|CS|TAMS 0x00000000ef500000, 0x00000000ef500000| Complete 
| 246|0x00000000ef600000, 0x00000000ef700000, 0x00000000ef700000|100%| E|CS|TAMS 0x00000000ef600000, 0x00000000ef600000| Complete 
| 247|0x00000000ef700000, 0x00000000ef800000, 0x00000000ef800000|100%| E|CS|TAMS 0x00000000ef700000, 0x00000000ef700000| Complete 
| 248|0x00000000ef800000, 0x00000000ef900000, 0x00000000ef900000|100%| E|CS|TAMS 0x00000000ef800000, 0x00000000ef800000| Complete 
| 249|0x00000000ef900000, 0x00000000efa00000, 0x00000000efa00000|100%| E|CS|TAMS 0x00000000ef900000, 0x00000000ef900000| Complete 
| 250|0x00000000efa00000, 0x00000000efb00000, 0x00000000efb00000|100%| E|CS|TAMS 0x00000000efa00000, 0x00000000efa00000| Complete 
| 251|0x00000000efb00000, 0x00000000efc00000, 0x00000000efc00000|100%| E|CS|TAMS 0x00000000efb00000, 0x00000000efb00000| Complete 
| 252|0x00000000efc00000, 0x00000000efd00000, 0x00000000efd00000|100%| E|CS|TAMS 0x00000000efc00000, 0x00000000efc00000| Complete 
| 253|0x00000000efd00000, 0x00000000efe00000, 0x00000000efe00000|100%| E|CS|TAMS 0x00000000efd00000, 0x00000000efd00000| Complete 
| 254|0x00000000efe00000, 0x00000000eff00000, 0x00000000eff00000|100%| E|CS|TAMS 0x00000000efe00000, 0x00000000efe00000| Complete 
| 255|0x00000000eff00000, 0x00000000f0000000, 0x00000000f0000000|100%| E|CS|TAMS 0x00000000eff00000, 0x00000000eff00000| Complete 

Card table byte_map: [0x000001d553a20000,0x000001d553b20000] _byte_map_base: 0x000001d553320000

Marking Bits (Prev, Next): (CMBitMap*) 0x000001d53c15e3e0, (CMBitMap*) 0x000001d53c15e3a8
 Prev Bits: [0x000001d554420000, 0x000001d554c20000)
 Next Bits: [0x000001d553c20000, 0x000001d554420000)

Polling page: 0x000001d53a130000

Metaspace:

Usage:
  Non-class:     20.82 MB capacity,    20.44 MB ( 98%) used,   348.33 KB (  2%) free+waste,    44.13 KB ( <1%) overhead. 
      Class:      3.19 MB capacity,     2.98 MB ( 94%) used,   190.38 KB (  6%) free+waste,    22.06 KB ( <1%) overhead. 
       Both:     24.01 MB capacity,    23.42 MB ( 98%) used,   538.70 KB (  2%) free+waste,    66.19 KB ( <1%) overhead. 

Virtual space:
  Non-class space:       22.00 MB reserved,      20.92 MB ( 95%) committed 
      Class space:      248.00 MB reserved,       3.25 MB (  1%) committed 
             Both:      270.00 MB reserved,      24.17 MB (  9%) committed 

Chunk freelists:
   Non-Class:  5.13 KB
       Class:  0 bytes
        Both:  5.13 KB

CodeHeap 'non-profiled nmethods': size=120000Kb used=1010Kb max_used=1010Kb free=118989Kb
 bounds [0x000001d54c0c0000, 0x000001d54c330000, 0x000001d5535f0000]
CodeHeap 'profiled nmethods': size=120000Kb used=4422Kb max_used=4422Kb free=115577Kb
 bounds [0x000001d544b90000, 0x000001d544ff0000, 0x000001d54c0c0000]
CodeHeap 'non-nmethods': size=5760Kb used=1154Kb max_used=1173Kb free=4605Kb
 bounds [0x000001d5445f0000, 0x000001d544860000, 0x000001d544b90000]
 total_blobs=2625 nmethods=2130 adapters=406
 compilation: enabled
              stopped_count=0, restarted_count=0
 full_count=0

Compilation events (10 events):
Event: 6.250 Thread 0x000001d557f09800 nmethod 2079 0x000001d54c1b5710 code [0x000001d54c1b58a0, 0x000001d54c1b5958]
Event: 6.252 Thread 0x000001d557f09800 2084       3       org.gradle.internal.reflect.MethodSet$MethodKey::hashCode (29 bytes)
Event: 6.252 Thread 0x000001d557f09800 nmethod 2084 0x000001d544fc3290 code [0x000001d544fc34a0, 0x000001d544fc3c68]
Event: 6.253 Thread 0x000001d55857c000 nmethod 2032 0x000001d54c1b5a10 code [0x000001d54c1b5c00, 0x000001d54c1b6518]
Event: 6.253 Thread 0x000001d55857c000 2067       4       jdk.internal.reflect.ByteVectorImpl::add (38 bytes)
Event: 6.254 Thread 0x000001d55857c000 nmethod 2067 0x000001d54c1b6a10 code [0x000001d54c1b6ba0, 0x000001d54c1b6c88]
Event: 6.254 Thread 0x000001d55857c000 2061       4       java.io.DataOutputStream::writeShort (35 bytes)
Event: 6.260 Thread 0x000001d557f09800 2085       3       java.util.concurrent.ConcurrentHashMap::get (162 bytes)
Event: 6.261 Thread 0x000001d557f09800 nmethod 2085 0x000001d544fc3f10 code [0x000001d544fc4160, 0x000001d544fc4e18]
Event: 6.283 Thread 0x000001d557f09800 2087       3       sun.invoke.util.VerifyAccess::isMemberAccessible (313 bytes)

GC Heap History (4 events):
Event: 0.970 GC heap before
{Heap before GC invocations=0 (full 0):
 garbage-first heap   total 262144K, used 29696K [0x00000000e0000000, 0x0000000100000000)
  region size 1024K, 24 young (24576K), 0 survivors (0K)
 Metaspace       used 10164K, capacity 10432K, committed 10624K, reserved 264192K
  class space    used 1059K, capacity 1137K, committed 1152K, reserved 253952K
}
Event: 0.977 GC heap after
{Heap after GC invocations=1 (full 0):
 garbage-first heap   total 262144K, used 9425K [0x00000000e0000000, 0x0000000100000000)
  region size 1024K, 3 young (3072K), 3 survivors (3072K)
 Metaspace       used 10164K, capacity 10432K, committed 10624K, reserved 264192K
  class space    used 1059K, capacity 1137K, committed 1152K, reserved 253952K
}
Event: 5.913 GC heap before
{Heap before GC invocations=1 (full 0):
 garbage-first heap   total 262144K, used 108753K [0x00000000e0000000, 0x0000000100000000)
  region size 1024K, 100 young (102400K), 3 survivors (3072K)
 Metaspace       used 20649K, capacity 21116K, committed 21296K, reserved 274432K
  class space    used 2525K, capacity 2660K, committed 2688K, reserved 253952K
}
Event: 5.927 GC heap after
{Heap after GC invocations=2 (full 0):
 garbage-first heap   total 262144K, used 16845K [0x00000000e0000000, 0x0000000100000000)
  region size 1024K, 11 young (11264K), 11 survivors (11264K)
 Metaspace       used 20649K, capacity 21116K, committed 21296K, reserved 274432K
  class space    used 2525K, capacity 2660K, committed 2688K, reserved 253952K
}

Deoptimization events (10 events):
Event: 5.799 Thread 0x000001d559fb3000 Uncommon trap: reason=unstable_if action=reinterpret pc=0x000001d54c128658 method=java.util.regex.Matcher.reset()Ljava/util/regex/Matcher; @ 71 c2
Event: 5.854 Thread 0x000001d559fb3000 Uncommon trap: reason=bimorphic_or_optimized_type_check action=maybe_recompile pc=0x000001d54c110db8 method=java.util.concurrent.ConcurrentHashMap.get(Ljava/lang/Object;)Ljava/lang/Object; @ 149 c2
Event: 5.881 Thread 0x000001d559fb3000 Uncommon trap: reason=unstable_if action=reinterpret pc=0x000001d54c0db7cc method=java.io.WinNTFileSystem.resolve(Ljava/lang/String;Ljava/lang/String;)Ljava/lang/String; @ 19 c2
Event: 5.882 Thread 0x000001d559fb3000 Uncommon trap: reason=bimorphic_or_optimized_type_check action=maybe_recompile pc=0x000001d54c138524 method=java.util.AbstractList$Itr.hasNext()Z @ 8 c2
Event: 5.882 Thread 0x000001d559fb3000 Uncommon trap: reason=bimorphic_or_optimized_type_check action=maybe_recompile pc=0x000001d54c1388a0 method=java.util.AbstractList$Itr.next()Ljava/lang/Object; @ 14 c2
Event: 5.882 Thread 0x000001d559fb3000 Uncommon trap: reason=unstable_if action=reinterpret pc=0x000001d54c1330f8 method=java.io.File.getName()Ljava/lang/String; @ 16 c2
Event: 5.882 Thread 0x000001d559fb3000 Uncommon trap: reason=unstable_if action=reinterpret pc=0x000001d54c130f90 method=java.lang.String.substring(I)Ljava/lang/String; @ 34 c2
Event: 6.044 Thread 0x000001d559fb3000 Uncommon trap: reason=unstable_if action=reinterpret pc=0x000001d54c1b0638 method=jdk.internal.org.objectweb.asm.Type.getArgumentsAndReturnSizes(Ljava/lang/String;)I @ 88 c2
Event: 6.052 Thread 0x000001d559fb3000 Uncommon trap: reason=intrinsic_or_type_checked_inlining action=make_not_entrant pc=0x000001d54c1a7bf8 method=java.util.Arrays.copyOf([Ljava/lang/Object;ILjava/lang/Class;)[Ljava/lang/Object; @ 35 c2
Event: 6.246 Thread 0x000001d559fb3000 Uncommon trap: reason=unstable_if action=reinterpret pc=0x000001d54c1aaf80 method=java.util.concurrent.ConcurrentHashMap.get(Ljava/lang/Object;)Ljava/lang/Object; @ 76 c2

Classes redefined (0 events):
No events

Internal exceptions (10 events):
Event: 5.785 Thread 0x000001d559fb3000 Exception <a 'java/lang/NoSuchMethodError'{0x00000000ea3ffd50}: java.lang.invoke.DirectMethodHandle$Holder.invokeStaticInit(Ljava/lang/Object;)V> (0x00000000ea3ffd50) thrown at [./open/src/hotspot/share/interpreter/linkResolver.cpp, line 772]
Event: 5.835 Thread 0x000001d559fb3000 Exception <a 'java/lang/NoSuchMethodError'{0x00000000ea0202d8}: java.lang.invoke.DirectMethodHandle$Holder.invokeStatic(Ljava/lang/Object;Ljava/lang/Object;Ljava/lang/Object;I)Ljava/lang/Object;> (0x00000000ea0202d8) thrown at [./open/src/hotspot/share/in
Event: 5.835 Thread 0x000001d559fb3000 Exception <a 'java/lang/NoSuchMethodError'{0x00000000ea024748}: java.lang.invoke.DirectMethodHandle$Holder.invokeSpecial(Ljava/lang/Object;Ljava/lang/Object;Ljava/lang/Object;Ljava/lang/Object;I)Ljava/lang/Object;> (0x00000000ea024748) thrown at [./open/s
Event: 5.836 Thread 0x000001d559fb3000 Exception <a 'java/lang/NoSuchMethodError'{0x00000000ea0283d0}: java.lang.invoke.Invokers$Holder.linkToTargetMethod(Ljava/lang/Object;Ljava/lang/Object;ILjava/lang/Object;)Ljava/lang/Object;> (0x00000000ea0283d0) thrown at [./open/src/hotspot/share/interp
Event: 5.967 Thread 0x000001d559fb3000 Exception <a 'java/lang/NoSuchMethodError'{0x00000000efe3dbd0}: java.lang.invoke.DirectMethodHandle$Holder.invokeSpecialIFC(Ljava/lang/Object;Ljava/lang/Object;Ljava/lang/Object;Ljava/lang/Object;)I> (0x00000000efe3dbd0) thrown at [./open/src/hotspot/shar
Event: 5.970 Thread 0x000001d559fb3000 Exception <a 'java/lang/NoSuchMethodError'{0x00000000efe4bbb8}: java.lang.invoke.DirectMethodHandle$Holder.invokeInterface(Ljava/lang/Object;Ljava/lang/Object;Ljava/lang/Object;)Ljava/lang/Object;> (0x00000000efe4bbb8) thrown at [./open/src/hotspot/share/
Event: 5.970 Thread 0x000001d559fb3000 Exception <a 'java/lang/IncompatibleClassChangeError'{0x00000000efe4f090}: Found class java.lang.Object, but interface was expected> (0x00000000efe4f090) thrown at [./open/src/hotspot/share/interpreter/linkResolver.cpp, line 838]
Event: 6.008 Thread 0x000001d559fb3000 Exception <a 'java/lang/NoSuchMethodError'{0x00000000efc4bfc8}: java.lang.invoke.DirectMethodHandle$Holder.invokeStatic(Ljava/lang/Object;Ljava/lang/Object;Ljava/lang/Object;Ljava/lang/Object;Ljava/lang/Object;)V> (0x00000000efc4bfc8) thrown at [./open/sr
Event: 6.106 Thread 0x000001d559fb3000 Exception <a 'java/lang/NoSuchMethodError'{0x00000000ef5311f8}: java.lang.invoke.DirectMethodHandle$Holder.invokeSpecial(Ljava/lang/Object;Ljava/lang/Object;Ljava/lang/Object;Ljava/lang/Object;Ljava/lang/Object;Ljava/lang/Object;Ljava/lang/Object;Ljava/la
Event: 6.179 Thread 0x000001d559fb3000 Exception <a 'java/lang/NoSuchMethodError'{0x00000000eecb84f8}: java.lang.invoke.DirectMethodHandle$Holder.invokeVirtual(Ljava/lang/Object;Ljava/lang/Object;Ljava/lang/Object;Ljava/lang/Object;)Ljava/lang/Object;> (0x00000000eecb84f8) thrown at [./open/sr

Events (10 events):
Event: 6.283 loading class org/objectweb/asm/MethodVisitor
Event: 6.283 loading class org/objectweb/asm/MethodVisitor done
Event: 6.283 loading class org/objectweb/asm/MethodVisitor
Event: 6.283 loading class org/objectweb/asm/MethodVisitor done
Event: 6.283 loading class org/gradle/internal/instantiation/generator/AsmBackedClassGenerator$ClassBuilderImpl
Event: 6.283 loading class org/gradle/internal/instantiation/generator/AsmBackedClassGenerator$ClassBuilderImpl done
Event: 6.283 loading class org/gradle/internal/instantiation/generator/AsmBackedClassGenerator$MethodCodeBody
Event: 6.283 loading class org/gradle/internal/instantiation/generator/AsmBackedClassGenerator$MethodCodeBody done
Event: 6.284 loading class org/objectweb/asm/MethodVisitor
Event: 6.284 loading class org/objectweb/asm/MethodVisitor done


Dynamic libraries:
0x00007ff6e6310000 - 0x00007ff6e631f000 	C:\Program Files\Java\jdk-11.0.11\bin\java.exe
0x00007ffaba2b0000 - 0x00007ffaba4a5000 	C:\WINDOWS\SYSTEM32\ntdll.dll
0x00007ffab9cf0000 - 0x00007ffab9dae000 	C:\WINDOWS\System32\KERNEL32.DLL
0x00007ffab7c10000 - 0x00007ffab7ed8000 	C:\WINDOWS\System32\KERNELBASE.dll
0x00007ffab7a30000 - 0x00007ffab7b30000 	C:\WINDOWS\System32\ucrtbase.dll
0x00007ffaac640000 - 0x00007ffaac658000 	C:\Program Files\Java\jdk-11.0.11\bin\jli.dll
0x00007ffab9a20000 - 0x00007ffab9acc000 	C:\WINDOWS\System32\ADVAPI32.dll
0x00007ffaab4e0000 - 0x00007ffaab4f5000 	C:\Program Files\Java\jdk-11.0.11\bin\VCRUNTIME140.dll
0x00007ffab9980000 - 0x00007ffab9a1e000 	C:\WINDOWS\System32\msvcrt.dll
0x00007ffab9c50000 - 0x00007ffab9ceb000 	C:\WINDOWS\System32\sechost.dll
0x00007ffab8300000 - 0x00007ffab842a000 	C:\WINDOWS\System32\RPCRT4.dll
0x00007ffab8e70000 - 0x00007ffab9011000 	C:\WINDOWS\System32\USER32.dll
0x00007ffab8120000 - 0x00007ffab8142000 	C:\WINDOWS\System32\win32u.dll
0x00007ffab8e40000 - 0x00007ffab8e6b000 	C:\WINDOWS\System32\GDI32.dll
0x00007ffab81f0000 - 0x00007ffab82fb000 	C:\WINDOWS\System32\gdi32full.dll
0x00007ffaa2580000 - 0x00007ffaa281a000 	C:\WINDOWS\WinSxS\amd64_microsoft.windows.common-controls_6595b64144ccf1df_6.0.19041.1110_none_60b5254171f9507e\COMCTL32.dll
0x00007ffab8150000 - 0x00007ffab81ed000 	C:\WINDOWS\System32\msvcp_win.dll
0x00007ffaab9c0000 - 0x00007ffaab9ca000 	C:\WINDOWS\SYSTEM32\VERSION.dll
0x00007ffab8c80000 - 0x00007ffab8cb0000 	C:\WINDOWS\System32\IMM32.DLL
0x00007ffa89e30000 - 0x00007ffa89ecb000 	C:\Program Files\Java\jdk-11.0.11\bin\msvcp140.dll
0x00007ffa3ecd0000 - 0x00007ffa3f7ce000 	C:\Program Files\Java\jdk-11.0.11\bin\server\jvm.dll
0x00007ffab8b70000 - 0x00007ffab8b78000 	C:\WINDOWS\System32\PSAPI.DLL
0x00007ffaa29e0000 - 0x00007ffaa2a07000 	C:\WINDOWS\SYSTEM32\WINMM.dll
0x00007ffa9d150000 - 0x00007ffa9d159000 	C:\WINDOWS\SYSTEM32\WSOCK32.dll
0x00007ffab95d0000 - 0x00007ffab963b000 	C:\WINDOWS\System32\WS2_32.dll
0x00007ffab6210000 - 0x00007ffab6222000 	C:\WINDOWS\SYSTEM32\kernel.appcore.dll
0x00007ffaadd50000 - 0x00007ffaadd60000 	C:\Program Files\Java\jdk-11.0.11\bin\verify.dll
0x00007ffab5620000 - 0x00007ffab5804000 	C:\WINDOWS\SYSTEM32\DBGHELP.DLL
0x00007ffa9d490000 - 0x00007ffa9d4bc000 	C:\WINDOWS\SYSTEM32\dbgcore.DLL
0x00007ffab7ee0000 - 0x00007ffab7f63000 	C:\WINDOWS\System32\bcryptPrimitives.dll
0x00007ffaab4b0000 - 0x00007ffaab4d8000 	C:\Program Files\Java\jdk-11.0.11\bin\java.dll
0x00007ffaab4a0000 - 0x00007ffaab4aa000 	C:\Program Files\Java\jdk-11.0.11\bin\jimage.dll
0x00007ffaab480000 - 0x00007ffaab496000 	C:\Program Files\Java\jdk-11.0.11\bin\zip.dll
0x00007ffab8430000 - 0x00007ffab8b6f000 	C:\WINDOWS\System32\SHELL32.dll
0x00007ffab5a70000 - 0x00007ffab6200000 	C:\WINDOWS\SYSTEM32\windows.storage.dll
0x00007ffab9db0000 - 0x00007ffaba105000 	C:\WINDOWS\System32\combase.dll
0x00007ffab7340000 - 0x00007ffab736e000 	C:\WINDOWS\SYSTEM32\Wldp.dll
0x00007ffab98d0000 - 0x00007ffab997d000 	C:\WINDOWS\System32\SHCORE.dll
0x00007ffab9640000 - 0x00007ffab9695000 	C:\WINDOWS\System32\shlwapi.dll
0x00007ffab7910000 - 0x00007ffab792f000 	C:\WINDOWS\SYSTEM32\profapi.dll
0x00007ffaab460000 - 0x00007ffaab479000 	C:\Program Files\Java\jdk-11.0.11\bin\net.dll
0x00007ffaac4c0000 - 0x00007ffaac5cc000 	C:\WINDOWS\SYSTEM32\WINHTTP.dll
0x00007ffab7120000 - 0x00007ffab718a000 	C:\WINDOWS\system32\mswsock.dll
0x00007ffa959c0000 - 0x00007ffa959d2000 	C:\Program Files\Java\jdk-11.0.11\bin\nio.dll
0x00007ffa9b350000 - 0x00007ffa9b377000 	C:\Users\pc1\.gradle\native\e1d6ef7f7dcc3fd88c89a11ec53ec762bb8ba0a96d01ffa2cd45eb1d1d8dd5c5\windows-amd64\native-platform.dll
0x00007ffa60710000 - 0x00007ffa60854000 	C:\Users\pc1\.gradle\native\5664cfc778a61ccfe75a443a1ab52a65af34e5dc3c78e0209fed803814484fcb\windows-amd64\native-platform-file-events.dll
0x00007ffaa4d60000 - 0x00007ffaa4d69000 	C:\Program Files\Java\jdk-11.0.11\bin\management.dll
0x00007ffaa3c70000 - 0x00007ffaa3c7b000 	C:\Program Files\Java\jdk-11.0.11\bin\management_ext.dll
0x00007ffab7380000 - 0x00007ffab7398000 	C:\WINDOWS\SYSTEM32\CRYPTSP.dll
0x00007ffab6a50000 - 0x00007ffab6a84000 	C:\WINDOWS\system32\rsaenh.dll
0x00007ffab7be0000 - 0x00007ffab7c07000 	C:\WINDOWS\System32\bcrypt.dll
0x00007ffab78d0000 - 0x00007ffab78fe000 	C:\WINDOWS\SYSTEM32\USERENV.dll
0x00007ffab72b0000 - 0x00007ffab72bc000 	C:\WINDOWS\SYSTEM32\CRYPTBASE.dll
0x00007ffab6de0000 - 0x00007ffab6e1b000 	C:\WINDOWS\SYSTEM32\IPHLPAPI.DLL
0x00007ffab8c70000 - 0x00007ffab8c78000 	C:\WINDOWS\System32\NSI.dll
0x00007ffaabc10000 - 0x00007ffaabc27000 	C:\WINDOWS\SYSTEM32\dhcpcsvc6.DLL
0x00007ffaabbf0000 - 0x00007ffaabc0d000 	C:\WINDOWS\SYSTEM32\dhcpcsvc.DLL
0x00007ffab6e30000 - 0x00007ffab6efb000 	C:\WINDOWS\SYSTEM32\DNSAPI.dll

dbghelp: loaded successfully - version: 4.0.5 - missing functions: none
symbol engine: initialized successfully - sym options: 0x614 - pdb path: .;C:\Program Files\Java\jdk-11.0.11\bin;C:\WINDOWS\SYSTEM32;C:\WINDOWS\WinSxS\amd64_microsoft.windows.common-controls_6595b64144ccf1df_6.0.19041.1110_none_60b5254171f9507e;C:\Program Files\Java\jdk-11.0.11\bin\server;C:\Users\pc1\.gradle\native\e1d6ef7f7dcc3fd88c89a11ec53ec762bb8ba0a96d01ffa2cd45eb1d1d8dd5c5\windows-amd64;C:\Users\pc1\.gradle\native\5664cfc778a61ccfe75a443a1ab52a65af34e5dc3c78e0209fed803814484fcb\windows-amd64

VM Arguments:
jvm_args: --add-opens=java.base/java.util=ALL-UNNAMED --add-opens=java.base/java.lang=ALL-UNNAMED --add-opens=java.base/java.lang.invoke=ALL-UNNAMED --add-opens=java.base/java.util=ALL-UNNAMED --add-opens=java.prefs/java.util.prefs=ALL-UNNAMED --add-opens=java.prefs/java.util.prefs=ALL-UNNAMED --add-opens=java.base/java.nio.charset=ALL-UNNAMED --add-opens=java.base/java.net=ALL-UNNAMED --add-opens=java.base/java.util.concurrent.atomic=ALL-UNNAMED -XX:MaxMetaspaceSize=256m -XX:+HeapDumpOnOutOfMemoryError -Xms256m -Xmx512m -Dfile.encoding=x-windows-949 -Duser.country=KR -Duser.language=ko -Duser.variant 
java_command: org.gradle.launcher.daemon.bootstrap.GradleDaemon 7.2
java_class_path (initial): C:\Users\pc1\.gradle\wrapper\dists\gradle-7.2-bin\2dnblmf4td7x66yl1d74lt32g\gradle-7.2\lib\gradle-launcher-7.2.jar
Launcher Type: SUN_STANDARD

[Global flags]
     intx CICompilerCount                          = 4                                         {product} {ergonomic}
   size_t CompressedClassSpaceSize                 = 260046848                                 {product} {ergonomic}
     uint ConcGCThreads                            = 2                                         {product} {ergonomic}
     uint G1ConcRefinementThreads                  = 8                                         {product} {ergonomic}
   size_t G1HeapRegionSize                         = 1048576                                   {product} {ergonomic}
    uintx GCDrainStackTargetSize                   = 64                                        {product} {ergonomic}
     bool HeapDumpOnOutOfMemoryError               = true                                   {manageable} {command line}
   size_t InitialHeapSize                          = 268435456                                 {product} {command line}
   size_t MarkStackSize                            = 4194304                                   {product} {ergonomic}
   size_t MaxHeapSize                              = 536870912                                 {product} {command line}
   size_t MaxMetaspaceSize                         = 268435456                                 {product} {command line}
   size_t MaxNewSize                               = 321912832                                 {product} {ergonomic}
   size_t MinHeapDeltaBytes                        = 1048576                                   {product} {ergonomic}
    uintx NonNMethodCodeHeapSize                   = 5836300                                {pd product} {ergonomic}
    uintx NonProfiledCodeHeapSize                  = 122910970                              {pd product} {ergonomic}
    uintx ProfiledCodeHeapSize                     = 122910970                              {pd product} {ergonomic}
    uintx ReservedCodeCacheSize                    = 251658240                              {pd product} {ergonomic}
     bool SegmentedCodeCache                       = true                                      {product} {ergonomic}
     bool UseCompressedClassPointers               = true                                 {lp64_product} {ergonomic}
     bool UseCompressedOops                        = true                                 {lp64_product} {ergonomic}
     bool UseG1GC                                  = true                                      {product} {ergonomic}
     bool UseLargePagesIndividualAllocation        = false                                  {pd product} {ergonomic}

Logging:
Log output configuration:
 #0: stdout all=warning uptime,level,tags
 #1: stderr all=off uptime,level,tags

Environment Variables:
JAVA_HOME=C:\Program Files\Java\jdk-11.0.11
PATH=C:\Program Files (x86)\Common Files\Oracle\Java\javapath;D:\util\apache-maven-3.8.2\bin;C:\Program Files (x86)\VMware\VMware Workstation\bin\;C:\oraclexe\app\oracle\product\11.2.0\server\bin;C:\oraclexe\app\oracle\product\11.2.0\server\bin;C:\Program Files\Common Files\Oracle\Java\javapath;C:\WINDOWS\system32;C:\WINDOWS;C:\WINDOWS\System32\Wbem;C:\WINDOWS\System32\WindowsPowerShell\v1.0\;C:\WINDOWS\System32\OpenSSH\;C:\Program Files\Git\cmd;C:\HashiCorp\Vagrant\bin;C:\Program Files\PuTTY\;C:\Program Files (x86)\Bitvise SSH Client;C:\Program Files\nodejs\;C:\Program Files\Amazon\AWSCLI\bin\;C:\Program Files\Docker\Docker\resources\bin;C:\ProgramData\DockerDesktop\version-bin;C:\Users\pc1\AppData\Local\Microsoft\WindowsApps;C:\Program Files\Bandizip\;C:\Users\pc1\AppData\Roaming\npm;C:\Users\pc1\AppData\Local\Programs\Microsoft VS Code\bin;C:\Users\pc1\AppData\Local\GitHubDesktop\bin
USERNAME=pc1
OS=Windows_NT
PROCESSOR_IDENTIFIER=Intel64 Family 6 Model 142 Stepping 12, GenuineIntel



---------------  S Y S T E M  ---------------

OS: Windows 10 , 64 bit Build 19041 (10.0.19041.1348)
Hyper-V role detected

CPU:total 8 (initial active 8) (4 cores per cpu, 2 threads per core) family 6 model 142 stepping 12 microcode 0xca, cmov, cx8, fxsr, mmx, sse, sse2, sse3, ssse3, sse4.1, sse4.2, popcnt, avx, avx2, aes, clmul, erms, 3dnowpref, lzcnt, ht, tsc, tscinvbit, bmi1, bmi2, adx, fma

Memory: 4k page, system-wide physical 16197M (6866M free)
TotalPageFile size 21829M (AvailPageFile size 7883M)
current process WorkingSet (physical memory assigned to process): 221M, peak: 221M
current process commit charge ("private bytes"): 405M, peak: 405M

vm_info: Java HotSpot(TM) 64-Bit Server VM (11.0.11+9-LTS-194) for windows-amd64 JRE (11.0.11+9-LTS-194), built on Mar 18 2021 18:46:53 by "mach5one" with MS VC++ 15.9 (VS2017)

END.
